<?xml version="1.0" encoding="UTF-8"?>
<testng-results ignored="0" total="1" passed="1" failed="0" skipped="0">
  <reporter-output>
  </reporter-output>
  <suite started-at="2026-09-16T10:21:19 IST" name="Default suite" finished-at="2026-09-16T10:21:36 IST" duration-ms="17115">
    <groups>
    </groups>
    <test started-at="2026-09-16T10:21:19 IST" name="Default test" finished-at="2026-09-16T10:21:36 IST" duration-ms="17115">
      <class name="automationtest.FirstTest">
        <test-method signature="launch()[pri:0, instance:automationtest.FirstTest@4f209819]" started-at="2026-09-16T10:21:19 IST" name="launch" finished-at="2026-09-16T10:21:36 IST" duration-ms="17097" status="PASS">
          <reporter-output>
          </reporter-output>
        </test-method> <!-- launch -->
      </class> <!-- automationtest.FirstTest -->
    </test> <!-- Default test -->
  </suite> <!-- Default suite -->
</testng-results>
